mode: set
github.com/Sri2103/bookings/internal/render/render.go:24.40,26.2 1 1
github.com/Sri2103/bookings/internal/render/render.go:29.84,35.2 5 1
github.com/Sri2103/bookings/internal/render/render.go:38.105,41.18 2 1
github.com/Sri2103/bookings/internal/render/render.go:48.2,49.9 2 1
github.com/Sri2103/bookings/internal/render/render.go:54.2,61.16 5 1
github.com/Sri2103/bookings/internal/render/render.go:66.2,66.12 1 1
github.com/Sri2103/bookings/internal/render/render.go:41.18,44.3 1 0
github.com/Sri2103/bookings/internal/render/render.go:44.8,46.3 1 1
github.com/Sri2103/bookings/internal/render/render.go:49.9,52.3 2 0
github.com/Sri2103/bookings/internal/render/render.go:61.16,64.3 2 0
github.com/Sri2103/bookings/internal/render/render.go:71.67,76.16 3 1
github.com/Sri2103/bookings/internal/render/render.go:80.2,80.29 1 1
github.com/Sri2103/bookings/internal/render/render.go:102.2,102.21 1 1
github.com/Sri2103/bookings/internal/render/render.go:76.16,78.3 1 0
github.com/Sri2103/bookings/internal/render/render.go:80.29,83.17 3 1
github.com/Sri2103/bookings/internal/render/render.go:87.3,88.17 2 1
github.com/Sri2103/bookings/internal/render/render.go:92.3,92.23 1 1
github.com/Sri2103/bookings/internal/render/render.go:99.3,99.21 1 1
github.com/Sri2103/bookings/internal/render/render.go:83.17,85.4 1 0
github.com/Sri2103/bookings/internal/render/render.go:88.17,90.4 1 0
github.com/Sri2103/bookings/internal/render/render.go:92.23,94.18 2 1
github.com/Sri2103/bookings/internal/render/render.go:94.18,96.5 1 0
